<?xml version="1.0" encoding="UTF-8"?>
<testng-results skipped="0" failed="0" ignored="0" total="2" passed="2">
  <reporter-output>
  </reporter-output>
  <suite name="Suite" duration-ms="7773" started-at="2021-11-03T15:13:31 IST" finished-at="2021-11-03T15:13:39 IST">
    <groups>
    </groups>
    <test name="Test" duration-ms="7773" started-at="2021-11-03T15:13:31 IST" finished-at="2021-11-03T15:13:39 IST">
      <class name="com.qa.testCases.HomePageTest">
        <test-method status="PASS" signature="setup()[pri:0, instance:com.qa.testCases.HomePageTest@4e718207]" name="setup" is-config="true" duration-ms="7113" started-at="2021-11-03T15:13:31 IST" finished-at="2021-11-03T15:13:38 IST">
          <reporter-output>
          </reporter-output>
        </test-method> <!-- setup -->
        <test-method status="PASS" signature="aboutUsLinkExistsTest()[pri:0, instance:com.qa.testCases.HomePageTest@4e718207]" name="aboutUsLinkExistsTest" duration-ms="45" started-at="2021-11-03T15:13:38 IST" finished-at="2021-11-03T15:13:38 IST">
          <reporter-output>
          </reporter-output>
        </test-method> <!-- aboutUsLinkExistsTest -->
        <test-method status="PASS" signature="servicesLinkExistsTest()[pri:0, instance:com.qa.testCases.HomePageTest@4e718207]" name="servicesLinkExistsTest" duration-ms="22" started-at="2021-11-03T15:13:38 IST" finished-at="2021-11-03T15:13:38 IST">
          <reporter-output>
          </reporter-output>
        </test-method> <!-- servicesLinkExistsTest -->
        <test-method status="PASS" signature="tearDown()[pri:0, instance:com.qa.testCases.HomePageTest@4e718207]" name="tearDown" is-config="true" duration-ms="568" started-at="2021-11-03T15:13:38 IST" finished-at="2021-11-03T15:13:39 IST">
          <reporter-output>
          </reporter-output>
        </test-method> <!-- tearDown -->
      </class> <!-- com.qa.testCases.HomePageTest -->
    </test> <!-- Test -->
  </suite> <!-- Suite -->
</testng-results>
